<?xml version="1.0" encoding="UTF-8"?>
<testsuite name="FirstSpecification" tests="8" skipped="0" failures="1" errors="0" timestamp="2022-11-21T16:09:57" hostname="LAPTOP-PHAM7UGQ" time="0.316">
  <properties/>
  <testcase name="one plus one should equal two" classname="FirstSpecification" time="0.257"/>
  <testcase name="two plus two should equal four" classname="FirstSpecification" time="0.001"/>
  <testcase name="Should be able to remove from list" classname="FirstSpecification" time="0.033"/>
  <testcase name="Should get an index out of bounds when removing a nonexistent item" classname="FirstSpecification" time="0.004"/>
  <testcase name="numbers to the power of two [a: 1, b: 2, c: 1, #0]" classname="FirstSpecification" time="0.003"/>
  <testcase name="numbers to the power of two [a: 2, b: 2, c: 4, #1]" classname="FirstSpecification" time="0.001"/>
  <testcase name="numbers to the power of two [a: 3, b: 2, c: 9, #2]" classname="FirstSpecification" time="0.0"/>
  <testcase name="Should verify notify was called" classname="FirstSpecification" time="0.004">
    <failure message="groovy.lang.MissingMethodException: No signature of method: FirstSpecification.MockImpl() is applicable for argument types: (String, null, String) values: [notifier, null, foo]&#10;Possible solutions: Mock()" type="groovy.lang.MissingMethodException">groovy.lang.MissingMethodException: No signature of method: FirstSpecification.MockImpl() is applicable for argument types: (String, null, String) values: [notifier, null, foo]
Possible solutions: Mock()
	at FirstSpecification.Should verify notify was called(FirstSpecification.groovy:46)
</failure>
  </testcase>
  <system-out><![CDATA[]]></system-out>
  <system-err><![CDATA[]]></system-err>
</testsuite>
