<?xml version="1.0" encoding="UTF-8"?>
<testsuite name="com.aor.numbers.DivisibleByFilterTest" tests="1" skipped="0" failures="0" errors="0" timestamp="2022-11-21T16:09:58" hostname="LAPTOP-PHAM7UGQ" time="0.016">
  <properties/>
  <testcase name="DivisibleBy()" classname="com.aor.numbers.DivisibleByFilterTest" time="0.016"/>
  <system-out><![CDATA[]]></system-out>
  <system-err><![CDATA[]]></system-err>
</testsuite>
