<?xml version="1.0" encoding="UTF-8"?>
<testsuite name="ListDeduplicatorSpockTest" tests="2" skipped="0" failures="0" errors="0" timestamp="2022-11-21T16:09:57" hostname="LAPTOP-PHAM7UGQ" time="0.005">
  <properties/>
  <testcase name="testing deduplicate" classname="ListDeduplicatorSpockTest" time="0.003"/>
  <testcase name="testing deduplicate bug 8726" classname="ListDeduplicatorSpockTest" time="0.001"/>
  <system-out><![CDATA[]]></system-out>
  <system-err><![CDATA[]]></system-err>
</testsuite>
