<?xml version="1.0" encoding="UTF-8"?>
<testsuite name="ListAggregatorSpockTest" tests="6" skipped="0" failures="0" errors="0" timestamp="2022-11-21T16:09:57" hostname="LAPTOP-PHAM7UGQ" time="0.04">
  <properties/>
  <testcase name="testing sum" classname="ListAggregatorSpockTest" time="0.005"/>
  <testcase name="testing max" classname="ListAggregatorSpockTest" time="0.001"/>
  <testcase name="testing min" classname="ListAggregatorSpockTest" time="0.002"/>
  <testcase name="testing distinct" classname="ListAggregatorSpockTest" time="0.007"/>
  <testcase name="testing max bug 7263" classname="ListAggregatorSpockTest" time="0.0"/>
  <testcase name="testing distinct bug 8726" classname="ListAggregatorSpockTest" time="0.023"/>
  <system-out><![CDATA[]]></system-out>
  <system-err><![CDATA[]]></system-err>
</testsuite>
