<?xml version="1.0" encoding="UTF-8"?>
<testsuite name="com.aor.numbers.ListSorterSpockTest" tests="2" skipped="0" failures="0" errors="0" timestamp="2022-11-21T16:09:57" hostname="LAPTOP-PHAM7UGQ" time="0.002">
  <properties/>
  <testcase name="testing sort" classname="com.aor.numbers.ListSorterSpockTest" time="0.001"/>
  <testcase name="testing sort bug8726" classname="com.aor.numbers.ListSorterSpockTest" time="0.001"/>
  <system-out><![CDATA[]]></system-out>
  <system-err><![CDATA[]]></system-err>
</testsuite>
